<?xml version="1.0" encoding="UTF-8"?>
<coverage generated="1517390796581" clover="3.2.0">
  <project timestamp="1517390796581" name="All files">
    <metrics statements="165" coveredstatements="123" conditionals="76" coveredconditionals="33" methods="49" coveredmethods="33" elements="290" coveredelements="189" complexity="0" loc="165" ncloc="165" packages="4" files="10" classes="10">
      <package name="api">
        <metrics statements="8" coveredstatements="8" conditionals="2" coveredconditionals="2" methods="0" coveredmethods="0"/>
        <file name="index.js" path="D:\Crossover\xo-do\Code\client\api\index.js">
          <metrics statements="8" coveredstatements="8" conditionals="2" coveredconditionals="2" methods="0" coveredmethods="0"/>
          <line num="5" count="4" type="stmt"/>
          <line num="10" count="4" type="stmt"/>
          <line num="17" count="1" type="stmt"/>
          <line num="27" count="1" type="stmt"/>
          <line num="34" count="1" type="stmt"/>
          <line num="42" count="2" type="stmt"/>
          <line num="45" count="1" type="stmt"/>
          <line num="48" count="2" type="stmt"/>
        </file>
      </package>
      <package name="components.common">
        <metrics statements="61" coveredstatements="49" conditionals="34" coveredconditionals="17" methods="19" coveredmethods="13"/>
        <file name="Icon.vue" path="D:\Crossover\xo-do\Code\client\components\common\Icon.vue">
          <metrics statements="11" coveredstatements="11" conditionals="4" coveredconditionals="2" methods="2" coveredmethods="2"/>
          <line num="3" count="1" type="stmt"/>
          <line num="7" count="1" type="stmt"/>
          <line num="12" count="1" type="stmt"/>
          <line num="16" count="12" type="stmt"/>
          <line num="21" count="1" type="cond" truecount="1" falsecount="1"/>
          <line num="23" count="1" type="stmt"/>
          <line num="24" count="12" type="stmt"/>
          <line num="26" count="12" type="stmt"/>
          <line num="28" count="12" type="cond" truecount="1" falsecount="1"/>
          <line num="30" count="12" type="stmt"/>
          <line num="43" count="1" type="stmt"/>
        </file>
        <file name="Modal.vue" path="D:\Crossover\xo-do\Code\client\components\common\Modal.vue">
          <metrics statements="31" coveredstatements="19" conditionals="20" coveredconditionals="11" methods="10" coveredmethods="5"/>
          <line num="3" count="1" type="stmt"/>
          <line num="7" count="1" type="cond" truecount="1" falsecount="3"/>
          <line num="9" count="1" type="stmt"/>
          <line num="11" count="1" type="stmt"/>
          <line num="13" count="4" type="stmt"/>
          <line num="27" count="1" type="cond" truecount="2" falsecount="0"/>
          <line num="30" count="2" type="stmt"/>
          <line num="33" count="2" type="cond" truecount="2" falsecount="0"/>
          <line num="34" count="1" type="stmt"/>
          <line num="37" count="1" type="stmt"/>
          <line num="38" count="1" type="stmt"/>
          <line num="43" count="1" type="stmt"/>
          <line num="44" count="0" type="stmt"/>
          <line num="48" count="0" type="stmt"/>
          <line num="49" count="0" type="stmt"/>
          <line num="50" count="0" type="stmt"/>
          <line num="56" count="1" type="cond" truecount="1" falsecount="1"/>
          <line num="58" count="1" type="stmt"/>
          <line num="59" count="5" type="stmt"/>
          <line num="61" count="5" type="stmt"/>
          <line num="63" count="5" type="cond" truecount="1" falsecount="1"/>
          <line num="65" count="5" type="stmt"/>
          <line num="106" count="0" type="cond" truecount="0" falsecount="2"/>
          <line num="107" count="0" type="stmt"/>
          <line num="110" count="0" type="stmt"/>
          <line num="135" count="0" type="cond" truecount="0" falsecount="2"/>
          <line num="136" count="0" type="stmt"/>
          <line num="139" count="0" type="stmt"/>
          <line num="167" count="0" type="stmt"/>
          <line num="177" count="0" type="stmt"/>
          <line num="183" count="1" type="stmt"/>
        </file>
        <file name="NavBar.vue" path="D:\Crossover\xo-do\Code\client\components\common\NavBar.vue">
          <metrics statements="19" coveredstatements="19" conditionals="10" coveredconditionals="4" methods="7" coveredmethods="6"/>
          <line num="3" count="1" type="stmt"/>
          <line num="7" count="1" type="cond" truecount="1" falsecount="3"/>
          <line num="9" count="1" type="stmt"/>
          <line num="11" count="1" type="stmt"/>
          <line num="13" count="4" type="stmt"/>
          <line num="21" count="1" type="stmt"/>
          <line num="24" count="1" type="stmt"/>
          <line num="26" count="1" type="stmt"/>
          <line num="27" count="1" type="cond" truecount="1" falsecount="1"/>
          <line num="28" count="1" type="stmt"/>
          <line num="29" count="1" type="stmt"/>
          <line num="34" count="1" type="stmt"/>
          <line num="39" count="1" type="cond" truecount="1" falsecount="1"/>
          <line num="41" count="1" type="stmt"/>
          <line num="42" count="5" type="stmt"/>
          <line num="44" count="5" type="stmt"/>
          <line num="46" count="5" type="cond" truecount="1" falsecount="1"/>
          <line num="48" count="5" type="stmt"/>
          <line num="97" count="1" type="stmt"/>
        </file>
      </package>
      <package name="components.todo">
        <metrics statements="50" coveredstatements="29" conditionals="30" coveredconditionals="11" methods="18" coveredmethods="9"/>
        <file name="CardComponent.vue" path="D:\Crossover\xo-do\Code\client\components\todo\CardComponent.vue">
          <metrics statements="50" coveredstatements="29" conditionals="30" coveredconditionals="11" methods="18" coveredmethods="9"/>
          <line num="3" count="1" type="stmt"/>
          <line num="7" count="1" type="cond" truecount="1" falsecount="3"/>
          <line num="9" count="1" type="stmt"/>
          <line num="11" count="1" type="stmt"/>
          <line num="13" count="1" type="stmt"/>
          <line num="15" count="1" type="cond" truecount="3" falsecount="1"/>
          <line num="17" count="1" type="stmt"/>
          <line num="23" count="6" type="stmt"/>
          <line num="32" count="0" type="stmt"/>
          <line num="34" count="0" type="stmt"/>
          <line num="35" count="0" type="cond" truecount="0" falsecount="2"/>
          <line num="37" count="0" type="stmt"/>
          <line num="38" count="0" type="stmt"/>
          <line num="40" count="0" type="stmt"/>
          <line num="44" count="1" type="stmt"/>
          <line num="46" count="1" type="stmt"/>
          <line num="47" count="1" type="stmt"/>
          <line num="48" count="1" type="stmt"/>
          <line num="49" count="1" type="stmt"/>
          <line num="50" count="1" type="stmt"/>
          <line num="51" count="1" type="cond" truecount="0" falsecount="2"/>
          <line num="52" count="0" type="stmt"/>
          <line num="53" count="0" type="stmt"/>
          <line num="55" count="0" type="stmt"/>
          <line num="56" count="0" type="stmt"/>
          <line num="57" count="0" type="stmt"/>
          <line num="61" count="1" type="stmt"/>
          <line num="62" count="1" type="stmt"/>
          <line num="63" count="1" type="stmt"/>
          <line num="66" count="1" type="stmt"/>
          <line num="69" count="1" type="stmt"/>
          <line num="70" count="1" type="stmt"/>
          <line num="73" count="1" type="stmt"/>
          <line num="78" count="1" type="cond" truecount="1" falsecount="1"/>
          <line num="80" count="1" type="stmt"/>
          <line num="81" count="6" type="stmt"/>
          <line num="83" count="6" type="stmt"/>
          <line num="85" count="6" type="cond" truecount="1" falsecount="1"/>
          <line num="87" count="6" type="stmt"/>
          <line num="126" count="0" type="cond" truecount="0" falsecount="2"/>
          <line num="127" count="0" type="stmt"/>
          <line num="130" count="0" type="stmt"/>
          <line num="141" count="0" type="stmt"/>
          <line num="150" count="0" type="stmt"/>
          <line num="176" count="0" type="cond" truecount="0" falsecount="2"/>
          <line num="177" count="0" type="stmt"/>
          <line num="180" count="0" type="stmt"/>
          <line num="193" count="0" type="stmt"/>
          <line num="200" count="0" type="stmt"/>
          <line num="208" count="1" type="stmt"/>
        </file>
      </package>
      <package name="store">
        <metrics statements="46" coveredstatements="37" conditionals="10" coveredconditionals="3" methods="12" coveredmethods="11"/>
        <file name="actions.js" path="D:\Crossover\xo-do\Code\client\store\actions.js">
          <metrics statements="19" coveredstatements="10" conditionals="4" coveredconditionals="0" methods="3" coveredmethods="2"/>
          <line num="15" count="1" type="stmt"/>
          <line num="22" count="1" type="stmt"/>
          <line num="30" count="0" type="cond" truecount="0" falsecount="2"/>
          <line num="31" count="0" type="stmt"/>
          <line num="34" count="0" type="stmt"/>
          <line num="36" count="0" type="stmt"/>
          <line num="39" count="1" type="stmt"/>
          <line num="41" count="1" type="stmt"/>
          <line num="42" count="0" type="stmt"/>
          <line num="43" count="0" type="stmt"/>
          <line num="44" count="0" type="cond" truecount="0" falsecount="2"/>
          <line num="45" count="0" type="stmt"/>
          <line num="47" count="0" type="stmt"/>
          <line num="51" count="2" type="stmt"/>
          <line num="54" count="1" type="stmt"/>
          <line num="57" count="1" type="stmt"/>
          <line num="60" count="1" type="stmt"/>
          <line num="62" count="1" type="stmt"/>
          <line num="63" count="1" type="stmt"/>
        </file>
        <file name="getters.js" path="D:\Crossover\xo-do\Code\client\store\getters.js">
          <metrics statements="5" coveredstatements="5" conditionals="0" coveredconditionals="0" methods="8" coveredmethods="8"/>
          <line num="2" count="1" type="stmt"/>
          <line num="3" count="1" type="stmt"/>
          <line num="4" count="2" type="stmt"/>
          <line num="5" count="2" type="stmt"/>
          <line num="6" count="2" type="stmt"/>
        </file>
        <file name="index.js" path="D:\Crossover\xo-do\Code\client\store\index.js">
          <metrics statements="2" coveredstatements="2" conditionals="0" coveredconditionals="0" methods="1" coveredmethods="1"/>
          <line num="8" count="3" type="stmt"/>
          <line num="9" count="14" type="stmt"/>
        </file>
        <file name="mutations.js" path="D:\Crossover\xo-do\Code\client\store\mutations.js">
          <metrics statements="18" coveredstatements="18" conditionals="6" coveredconditionals="3" methods="0" coveredmethods="0"/>
          <line num="3" count="1" type="stmt"/>
          <line num="6" count="1" type="stmt"/>
          <line num="9" count="2" type="stmt"/>
          <line num="12" count="1" type="stmt"/>
          <line num="13" count="1" type="stmt"/>
          <line num="14" count="1" type="cond" truecount="1" falsecount="1"/>
          <line num="15" count="1" type="stmt"/>
          <line num="16" count="1" type="stmt"/>
          <line num="17" count="1" type="stmt"/>
          <line num="18" count="1" type="stmt"/>
          <line num="23" count="1" type="stmt"/>
          <line num="24" count="1" type="cond" truecount="1" falsecount="1"/>
          <line num="25" count="1" type="stmt"/>
          <line num="26" count="1" type="stmt"/>
          <line num="31" count="3" type="stmt"/>
          <line num="32" count="1" type="cond" truecount="1" falsecount="1"/>
          <line num="34" count="1" type="stmt"/>
          <line num="35" count="1" type="stmt"/>
        </file>
        <file name="state.js" path="D:\Crossover\xo-do\Code\client\store\state.js">
          <metrics statements="2" coveredstatements="2" conditionals="0" coveredconditionals="0" methods="0" coveredmethods="0"/>
          <line num="2" count="3" type="stmt"/>
          <line num="4" count="3" type="stmt"/>
        </file>
      </package>
    </metrics>
  </project>
</coverage>
