{"D:\\Crossover\\xo-do\\Code\\client\\api\\index.js": {"path":"D:\\Crossover\\xo-do\\Code\\client\\api\\index.js","statementMap":{"0":{"start":{"line":5,"column":15},"end":{"line":5,"column":38}},"1":{"start":{"line":10,"column":15},"end":{"line":58,"column":1}},"2":{"start":{"line":17,"column":4},"end":{"line":20,"column":6}},"3":{"start":{"line":27,"column":4},"end":{"line":27,"column":68}},"4":{"start":{"line":34,"column":4},"end":{"line":34,"column":72}},"5":{"start":{"line":42,"column":4},"end":{"line":42,"column":67}},"6":{"start":{"line":45,"column":4},"end":{"line":45,"column":84}},"7":{"start":{"line":48,"column":4},"end":{"line":53,"column":6}}},"fnMap":{},"branchMap":{"0":{"loc":{"start":{"line":52,"column":16},"end":{"line":52,"column":37}},"type":"binary-expr","locations":[{"start":{"line":52,"column":16},"end":{"line":52,"column":22}},{"start":{"line":52,"column":26},"end":{"line":52,"column":37}}],"line":52}},"s":{"0":4,"1":4,"2":1,"3":1,"4":1,"5":2,"6":1,"7":2},"f":{},"b":{"0":[2,1]},"_coverageSchema":"332fd63041d2c1bcb487cc26dd0d5f7d97098a6c","hash":"a3c44e36638f42040712edd3fdcb4aaa01e959b8"}
,"D:\\Crossover\\xo-do\\Code\\client\\components\\common\\Icon.vue": {"path":"D:\\Crossover\\xo-do\\Code\\client\\components\\common\\Icon.vue","statementMap":{"0":{"start":{"line":3,"column":0},"end":{"line":5,"column":3}},"1":{"start":{"line":7,"column":12},"end":{"line":10,"column":1}},"2":{"start":{"line":12,"column":0},"end":{"line":19,"column":2}},"3":{"start":{"line":16,"column":6},"end":{"line":16,"column":30}},"4":{"start":{"line":21,"column":23},"end":{"line":21,"column":101}},"5":{"start":{"line":23,"column":0},"end":{"line":41,"column":2}},"6":{"start":{"line":24,"column":12},"end":{"line":24,"column":16}},"7":{"start":{"line":26,"column":11},"end":{"line":26,"column":29}},"8":{"start":{"line":28,"column":11},"end":{"line":28,"column":29}},"9":{"start":{"line":30,"column":2},"end":{"line":40,"column":7}},"10":{"start":{"line":43,"column":0},"end":{"line":43,"column":38}}},"fnMap":{"0":{"name":"path","decl":{"start":{"line":15,"column":19},"end":{"line":15,"column":23}},"loc":{"start":{"line":15,"column":26},"end":{"line":17,"column":5}},"line":15},"1":{"name":"render","decl":{"start":{"line":23,"column":35},"end":{"line":23,"column":41}},"loc":{"start":{"line":23,"column":44},"end":{"line":41,"column":1}},"line":23}},"branchMap":{"0":{"loc":{"start":{"line":21,"column":23},"end":{"line":21,"column":101}},"type":"cond-expr","locations":[{"start":{"line":21,"column":62},"end":{"line":21,"column":84}},{"start":{"line":21,"column":87},"end":{"line":21,"column":101}}],"line":21},"1":{"loc":{"start":{"line":28,"column":11},"end":{"line":28,"column":29}},"type":"binary-expr","locations":[{"start":{"line":28,"column":11},"end":{"line":28,"column":23}},{"start":{"line":28,"column":27},"end":{"line":28,"column":29}}],"line":28}},"s":{"0":1,"1":1,"2":1,"3":12,"4":1,"5":1,"6":12,"7":12,"8":12,"9":12,"10":1},"f":{"0":12,"1":12},"b":{"0":[0,1],"1":[12,0]},"_coverageSchema":"332fd63041d2c1bcb487cc26dd0d5f7d97098a6c","hash":"7f75fbb58cd50aadab5bdefa5d90ad018faf2308"}
,"D:\\Crossover\\xo-do\\Code\\client\\components\\common\\Modal.vue": {"path":"D:\\Crossover\\xo-do\\Code\\client\\components\\common\\Modal.vue","statementMap":{"0":{"start":{"line":3,"column":0},"end":{"line":5,"column":3}},"1":{"start":{"line":7,"column":15},"end":{"line":7,"column":256}},"2":{"start":{"line":7,"column":52},"end":{"line":7,"column":239}},"3":{"start":{"line":7,"column":110},"end":{"line":7,"column":122}},"4":{"start":{"line":7,"column":124},"end":{"line":7,"column":237}},"5":{"start":{"line":7,"column":150},"end":{"line":7,"column":235}},"6":{"start":{"line":7,"column":207},"end":{"line":7,"column":233}},"7":{"start":{"line":7,"column":240},"end":{"line":7,"column":254}},"8":{"start":{"line":9,"column":12},"end":{"line":9,"column":27}},"9":{"start":{"line":11,"column":0},"end":{"line":54,"column":2}},"10":{"start":{"line":13,"column":4},"end":{"line":22,"column":6}},"11":{"start":{"line":27,"column":6},"end":{"line":27,"column":31}},"12":{"start":{"line":30,"column":18},"end":{"line":30,"column":22}},"13":{"start":{"line":33,"column":6},"end":{"line":35,"column":7}},"14":{"start":{"line":34,"column":8},"end":{"line":34,"column":15}},"15":{"start":{"line":37,"column":6},"end":{"line":37,"column":32}},"16":{"start":{"line":38,"column":6},"end":{"line":51,"column":9}},"17":{"start":{"line":43,"column":19},"end":{"line":43,"column":37}},"18":{"start":{"line":44,"column":8},"end":{"line":47,"column":10}},"19":{"start":{"line":48,"column":8},"end":{"line":48,"column":45}},"20":{"start":{"line":49,"column":8},"end":{"line":49,"column":36}},"21":{"start":{"line":50,"column":8},"end":{"line":50,"column":27}},"22":{"start":{"line":56,"column":23},"end":{"line":56,"column":101}},"23":{"start":{"line":58,"column":0},"end":{"line":181,"column":2}},"24":{"start":{"line":59,"column":12},"end":{"line":59,"column":16}},"25":{"start":{"line":61,"column":11},"end":{"line":61,"column":29}},"26":{"start":{"line":63,"column":11},"end":{"line":63,"column":29}},"27":{"start":{"line":65,"column":2},"end":{"line":180,"column":20}},"28":{"start":{"line":106,"column":8},"end":{"line":108,"column":9}},"29":{"start":{"line":107,"column":10},"end":{"line":107,"column":17}},"30":{"start":{"line":110,"column":8},"end":{"line":110,"column":40}},"31":{"start":{"line":135,"column":8},"end":{"line":137,"column":9}},"32":{"start":{"line":136,"column":10},"end":{"line":136,"column":17}},"33":{"start":{"line":139,"column":8},"end":{"line":139,"column":46}},"34":{"start":{"line":167,"column":8},"end":{"line":167,"column":25}},"35":{"start":{"line":177,"column":8},"end":{"line":177,"column":25}},"36":{"start":{"line":183,"column":0},"end":{"line":183,"column":38}}},"fnMap":{"0":{"name":"(anonymous_0)","decl":{"start":{"line":7,"column":32},"end":{"line":7,"column":33}},"loc":{"start":{"line":7,"column":50},"end":{"line":7,"column":256}},"line":7},"1":{"name":"data","decl":{"start":{"line":12,"column":17},"end":{"line":12,"column":21}},"loc":{"start":{"line":12,"column":24},"end":{"line":23,"column":3}},"line":12},"2":{"name":"showModal","decl":{"start":{"line":26,"column":24},"end":{"line":26,"column":33}},"loc":{"start":{"line":26,"column":40},"end":{"line":28,"column":5}},"line":26},"3":{"name":"addNewTask","decl":{"start":{"line":29,"column":25},"end":{"line":29,"column":35}},"loc":{"start":{"line":29,"column":38},"end":{"line":52,"column":5}},"line":29},"4":{"name":"(anonymous_4)","decl":{"start":{"line":42,"column":14},"end":{"line":42,"column":15}},"loc":{"start":{"line":42,"column":34},"end":{"line":51,"column":7}},"line":42},"5":{"name":"render","decl":{"start":{"line":58,"column":35},"end":{"line":58,"column":41}},"loc":{"start":{"line":58,"column":44},"end":{"line":181,"column":1}},"line":58},"6":{"name":"input","decl":{"start":{"line":105,"column":24},"end":{"line":105,"column":29}},"loc":{"start":{"line":105,"column":38},"end":{"line":111,"column":7}},"line":105},"7":{"name":"input","decl":{"start":{"line":134,"column":24},"end":{"line":134,"column":29}},"loc":{"start":{"line":134,"column":38},"end":{"line":140,"column":7}},"line":134},"8":{"name":"click","decl":{"start":{"line":166,"column":24},"end":{"line":166,"column":29}},"loc":{"start":{"line":166,"column":38},"end":{"line":168,"column":7}},"line":166},"9":{"name":"click","decl":{"start":{"line":176,"column":24},"end":{"line":176,"column":29}},"loc":{"start":{"line":176,"column":38},"end":{"line":178,"column":7}},"line":176}},"branchMap":{"0":{"loc":{"start":{"line":7,"column":15},"end":{"line":7,"column":256}},"type":"binary-expr","locations":[{"start":{"line":7,"column":15},"end":{"line":7,"column":28}},{"start":{"line":7,"column":32},"end":{"line":7,"column":256}}],"line":7},"1":{"loc":{"start":{"line":7,"column":150},"end":{"line":7,"column":235}},"type":"if","locations":[{"start":{"line":7,"column":150},"end":{"line":7,"column":235}},{"start":{"line":7,"column":150},"end":{"line":7,"column":235}}],"line":7},"2":{"loc":{"start":{"line":27,"column":18},"end":{"line":27,"column":30}},"type":"binary-expr","locations":[{"start":{"line":27,"column":18},"end":{"line":27,"column":22}},{"start":{"line":27,"column":26},"end":{"line":27,"column":30}}],"line":27},"3":{"loc":{"start":{"line":33,"column":6},"end":{"line":35,"column":7}},"type":"if","locations":[{"start":{"line":33,"column":6},"end":{"line":35,"column":7}},{"start":{"line":33,"column":6},"end":{"line":35,"column":7}}],"line":33},"4":{"loc":{"start":{"line":56,"column":23},"end":{"line":56,"column":101}},"type":"cond-expr","locations":[{"start":{"line":56,"column":62},"end":{"line":56,"column":84}},{"start":{"line":56,"column":87},"end":{"line":56,"column":101}}],"line":56},"5":{"loc":{"start":{"line":63,"column":11},"end":{"line":63,"column":29}},"type":"binary-expr","locations":[{"start":{"line":63,"column":11},"end":{"line":63,"column":23}},{"start":{"line":63,"column":27},"end":{"line":63,"column":29}}],"line":63},"6":{"loc":{"start":{"line":69,"column":6},"end":{"line":180,"column":17}},"type":"cond-expr","locations":[{"start":{"line":69,"column":17},"end":{"line":180,"column":6}},{"start":{"line":180,"column":9},"end":{"line":180,"column":17}}],"line":69},"7":{"loc":{"start":{"line":106,"column":8},"end":{"line":108,"column":9}},"type":"if","locations":[{"start":{"line":106,"column":8},"end":{"line":108,"column":9}},{"start":{"line":106,"column":8},"end":{"line":108,"column":9}}],"line":106},"8":{"loc":{"start":{"line":135,"column":8},"end":{"line":137,"column":9}},"type":"if","locations":[{"start":{"line":135,"column":8},"end":{"line":137,"column":9}},{"start":{"line":135,"column":8},"end":{"line":137,"column":9}}],"line":135},"9":{"loc":{"start":{"line":153,"column":18},"end":{"line":153,"column":55}},"type":"binary-expr","locations":[{"start":{"line":153,"column":18},"end":{"line":153,"column":35}},{"start":{"line":153,"column":39},"end":{"line":153,"column":55}}],"line":153}},"s":{"0":1,"1":1,"2":0,"3":0,"4":0,"5":0,"6":0,"7":0,"8":1,"9":1,"10":4,"11":1,"12":2,"13":2,"14":1,"15":1,"16":1,"17":1,"18":0,"19":0,"20":0,"21":0,"22":1,"23":1,"24":5,"25":5,"26":5,"27":5,"28":0,"29":0,"30":0,"31":0,"32":0,"33":0,"34":0,"35":0,"36":1},"f":{"0":0,"1":4,"2":1,"3":2,"4":1,"5":5,"6":0,"7":0,"8":0,"9":0},"b":{"0":[1,0],"1":[0,0],"2":[1,1],"3":[1,1],"4":[0,1],"5":[5,0],"6":[1,4],"7":[0,0],"8":[0,0],"9":[1,1]},"_coverageSchema":"332fd63041d2c1bcb487cc26dd0d5f7d97098a6c","hash":"3872c7af5fb6f039d97f69bcaaca241ab02ddad6"}
,"D:\\Crossover\\xo-do\\Code\\client\\components\\common\\NavBar.vue": {"path":"D:\\Crossover\\xo-do\\Code\\client\\components\\common\\NavBar.vue","statementMap":{"0":{"start":{"line":3,"column":0},"end":{"line":5,"column":3}},"1":{"start":{"line":7,"column":15},"end":{"line":7,"column":256}},"2":{"start":{"line":7,"column":52},"end":{"line":7,"column":239}},"3":{"start":{"line":7,"column":110},"end":{"line":7,"column":122}},"4":{"start":{"line":7,"column":124},"end":{"line":7,"column":237}},"5":{"start":{"line":7,"column":150},"end":{"line":7,"column":235}},"6":{"start":{"line":7,"column":207},"end":{"line":7,"column":233}},"7":{"start":{"line":7,"column":240},"end":{"line":7,"column":254}},"8":{"start":{"line":9,"column":12},"end":{"line":9,"column":27}},"9":{"start":{"line":11,"column":0},"end":{"line":37,"column":2}},"10":{"start":{"line":13,"column":4},"end":{"line":16,"column":6}},"11":{"start":{"line":21,"column":6},"end":{"line":21,"column":37}},"12":{"start":{"line":24,"column":18},"end":{"line":24,"column":22}},"13":{"start":{"line":26,"column":6},"end":{"line":31,"column":9}},"14":{"start":{"line":27,"column":8},"end":{"line":30,"column":9}},"15":{"start":{"line":28,"column":10},"end":{"line":28,"column":30}},"16":{"start":{"line":29,"column":10},"end":{"line":29,"column":52}},"17":{"start":{"line":34,"column":6},"end":{"line":34,"column":28}},"18":{"start":{"line":39,"column":23},"end":{"line":39,"column":101}},"19":{"start":{"line":41,"column":0},"end":{"line":95,"column":2}},"20":{"start":{"line":42,"column":12},"end":{"line":42,"column":16}},"21":{"start":{"line":44,"column":11},"end":{"line":44,"column":29}},"22":{"start":{"line":46,"column":11},"end":{"line":46,"column":29}},"23":{"start":{"line":48,"column":2},"end":{"line":94,"column":85}},"24":{"start":{"line":97,"column":0},"end":{"line":97,"column":38}}},"fnMap":{"0":{"name":"(anonymous_0)","decl":{"start":{"line":7,"column":32},"end":{"line":7,"column":33}},"loc":{"start":{"line":7,"column":50},"end":{"line":7,"column":256}},"line":7},"1":{"name":"data","decl":{"start":{"line":12,"column":17},"end":{"line":12,"column":21}},"loc":{"start":{"line":12,"column":24},"end":{"line":17,"column":3}},"line":12},"2":{"name":"toggleMenu","decl":{"start":{"line":20,"column":25},"end":{"line":20,"column":35}},"loc":{"start":{"line":20,"column":38},"end":{"line":22,"column":5}},"line":20},"3":{"name":"logoutSession","decl":{"start":{"line":23,"column":28},"end":{"line":23,"column":41}},"loc":{"start":{"line":23,"column":44},"end":{"line":32,"column":5}},"line":23},"4":{"name":"(anonymous_4)","decl":{"start":{"line":26,"column":47},"end":{"line":26,"column":48}},"loc":{"start":{"line":26,"column":67},"end":{"line":31,"column":7}},"line":26},"5":{"name":"addTask","decl":{"start":{"line":33,"column":22},"end":{"line":33,"column":29}},"loc":{"start":{"line":33,"column":32},"end":{"line":35,"column":5}},"line":33},"6":{"name":"render","decl":{"start":{"line":41,"column":35},"end":{"line":41,"column":41}},"loc":{"start":{"line":41,"column":44},"end":{"line":95,"column":1}},"line":41}},"branchMap":{"0":{"loc":{"start":{"line":7,"column":15},"end":{"line":7,"column":256}},"type":"binary-expr","locations":[{"start":{"line":7,"column":15},"end":{"line":7,"column":28}},{"start":{"line":7,"column":32},"end":{"line":7,"column":256}}],"line":7},"1":{"loc":{"start":{"line":7,"column":150},"end":{"line":7,"column":235}},"type":"if","locations":[{"start":{"line":7,"column":150},"end":{"line":7,"column":235}},{"start":{"line":7,"column":150},"end":{"line":7,"column":235}}],"line":7},"2":{"loc":{"start":{"line":27,"column":8},"end":{"line":30,"column":9}},"type":"if","locations":[{"start":{"line":27,"column":8},"end":{"line":30,"column":9}},{"start":{"line":27,"column":8},"end":{"line":30,"column":9}}],"line":27},"3":{"loc":{"start":{"line":39,"column":23},"end":{"line":39,"column":101}},"type":"cond-expr","locations":[{"start":{"line":39,"column":62},"end":{"line":39,"column":84}},{"start":{"line":39,"column":87},"end":{"line":39,"column":101}}],"line":39},"4":{"loc":{"start":{"line":46,"column":11},"end":{"line":46,"column":29}},"type":"binary-expr","locations":[{"start":{"line":46,"column":11},"end":{"line":46,"column":23}},{"start":{"line":46,"column":27},"end":{"line":46,"column":29}}],"line":46}},"s":{"0":1,"1":1,"2":0,"3":0,"4":0,"5":0,"6":0,"7":0,"8":1,"9":1,"10":4,"11":1,"12":1,"13":1,"14":1,"15":1,"16":1,"17":1,"18":1,"19":1,"20":5,"21":5,"22":5,"23":5,"24":1},"f":{"0":0,"1":4,"2":1,"3":1,"4":1,"5":1,"6":5},"b":{"0":[1,0],"1":[0,0],"2":[1,0],"3":[0,1],"4":[5,0]},"_coverageSchema":"332fd63041d2c1bcb487cc26dd0d5f7d97098a6c","hash":"2eb34c266b12e99666de53015e573478a130d40f"}
,"D:\\Crossover\\xo-do\\Code\\client\\components\\todo\\CardComponent.vue": {"path":"D:\\Crossover\\xo-do\\Code\\client\\components\\todo\\CardComponent.vue","statementMap":{"0":{"start":{"line":3,"column":0},"end":{"line":5,"column":3}},"1":{"start":{"line":7,"column":15},"end":{"line":7,"column":256}},"2":{"start":{"line":7,"column":52},"end":{"line":7,"column":239}},"3":{"start":{"line":7,"column":110},"end":{"line":7,"column":122}},"4":{"start":{"line":7,"column":124},"end":{"line":7,"column":237}},"5":{"start":{"line":7,"column":150},"end":{"line":7,"column":235}},"6":{"start":{"line":7,"column":207},"end":{"line":7,"column":233}},"7":{"start":{"line":7,"column":240},"end":{"line":7,"column":254}},"8":{"start":{"line":9,"column":12},"end":{"line":9,"column":51}},"9":{"start":{"line":11,"column":13},"end":{"line":11,"column":42}},"10":{"start":{"line":13,"column":12},"end":{"line":13,"column":27}},"11":{"start":{"line":15,"column":39},"end":{"line":15,"column":93}},"12":{"start":{"line":17,"column":0},"end":{"line":76,"column":2}},"13":{"start":{"line":23,"column":4},"end":{"line":27,"column":6}},"14":{"start":{"line":32,"column":18},"end":{"line":32,"column":22}},"15":{"start":{"line":34,"column":6},"end":{"line":41,"column":9}},"16":{"start":{"line":35,"column":8},"end":{"line":39,"column":9}},"17":{"start":{"line":37,"column":10},"end":{"line":37,"column":47}},"18":{"start":{"line":38,"column":10},"end":{"line":38,"column":17}},"19":{"start":{"line":40,"column":8},"end":{"line":40,"column":46}},"20":{"start":{"line":44,"column":19},"end":{"line":44,"column":23}},"21":{"start":{"line":46,"column":6},"end":{"line":46,"column":32}},"22":{"start":{"line":47,"column":6},"end":{"line":47,"column":30}},"23":{"start":{"line":48,"column":6},"end":{"line":48,"column":42}},"24":{"start":{"line":49,"column":6},"end":{"line":58,"column":9}},"25":{"start":{"line":50,"column":8},"end":{"line":50,"column":37}},"26":{"start":{"line":51,"column":8},"end":{"line":54,"column":9}},"27":{"start":{"line":52,"column":10},"end":{"line":52,"column":47}},"28":{"start":{"line":53,"column":10},"end":{"line":53,"column":17}},"29":{"start":{"line":55,"column":19},"end":{"line":55,"column":37}},"30":{"start":{"line":56,"column":8},"end":{"line":56,"column":32}},"31":{"start":{"line":57,"column":8},"end":{"line":57,"column":47}},"32":{"start":{"line":61,"column":6},"end":{"line":61,"column":35}},"33":{"start":{"line":62,"column":6},"end":{"line":62,"column":47}},"34":{"start":{"line":63,"column":6},"end":{"line":63,"column":64}},"35":{"start":{"line":66,"column":6},"end":{"line":66,"column":65}},"36":{"start":{"line":69,"column":6},"end":{"line":69,"column":38}},"37":{"start":{"line":70,"column":6},"end":{"line":70,"column":68}},"38":{"start":{"line":73,"column":6},"end":{"line":73,"column":37}},"39":{"start":{"line":78,"column":23},"end":{"line":78,"column":101}},"40":{"start":{"line":80,"column":0},"end":{"line":206,"column":2}},"41":{"start":{"line":81,"column":12},"end":{"line":81,"column":16}},"42":{"start":{"line":83,"column":11},"end":{"line":83,"column":29}},"43":{"start":{"line":85,"column":11},"end":{"line":85,"column":29}},"44":{"start":{"line":87,"column":2},"end":{"line":205,"column":69}},"45":{"start":{"line":126,"column":8},"end":{"line":128,"column":9}},"46":{"start":{"line":127,"column":10},"end":{"line":127,"column":17}},"47":{"start":{"line":130,"column":8},"end":{"line":130,"column":40}},"48":{"start":{"line":141,"column":8},"end":{"line":141,"column":37}},"49":{"start":{"line":150,"column":8},"end":{"line":150,"column":35}},"50":{"start":{"line":176,"column":8},"end":{"line":178,"column":9}},"51":{"start":{"line":177,"column":10},"end":{"line":177,"column":17}},"52":{"start":{"line":180,"column":8},"end":{"line":180,"column":46}},"53":{"start":{"line":193,"column":8},"end":{"line":193,"column":29}},"54":{"start":{"line":200,"column":8},"end":{"line":200,"column":39}},"55":{"start":{"line":208,"column":0},"end":{"line":208,"column":38}}},"fnMap":{"0":{"name":"(anonymous_0)","decl":{"start":{"line":7,"column":32},"end":{"line":7,"column":33}},"loc":{"start":{"line":7,"column":50},"end":{"line":7,"column":256}},"line":7},"1":{"name":"_interopRequireDefault","decl":{"start":{"line":15,"column":9},"end":{"line":15,"column":31}},"loc":{"start":{"line":15,"column":37},"end":{"line":15,"column":95}},"line":15},"2":{"name":"data","decl":{"start":{"line":22,"column":17},"end":{"line":22,"column":21}},"loc":{"start":{"line":22,"column":24},"end":{"line":28,"column":3}},"line":22},"3":{"name":"deleteIt","decl":{"start":{"line":31,"column":23},"end":{"line":31,"column":31}},"loc":{"start":{"line":31,"column":36},"end":{"line":42,"column":5}},"line":31},"4":{"name":"(anonymous_4)","decl":{"start":{"line":34,"column":31},"end":{"line":34,"column":32}},"loc":{"start":{"line":34,"column":51},"end":{"line":41,"column":7}},"line":34},"5":{"name":"editIt","decl":{"start":{"line":43,"column":21},"end":{"line":43,"column":27}},"loc":{"start":{"line":43,"column":34},"end":{"line":59,"column":5}},"line":43},"6":{"name":"(anonymous_6)","decl":{"start":{"line":49,"column":31},"end":{"line":49,"column":32}},"loc":{"start":{"line":49,"column":51},"end":{"line":58,"column":7}},"line":49},"7":{"name":"editInline","decl":{"start":{"line":60,"column":25},"end":{"line":60,"column":35}},"loc":{"start":{"line":60,"column":40},"end":{"line":64,"column":5}},"line":60},"8":{"name":"cancelInline","decl":{"start":{"line":65,"column":27},"end":{"line":65,"column":39}},"loc":{"start":{"line":65,"column":44},"end":{"line":67,"column":5}},"line":65},"9":{"name":"dragStart","decl":{"start":{"line":68,"column":24},"end":{"line":68,"column":33}},"loc":{"start":{"line":68,"column":41},"end":{"line":71,"column":5}},"line":68},"10":{"name":"dragEnd","decl":{"start":{"line":72,"column":22},"end":{"line":72,"column":29}},"loc":{"start":{"line":72,"column":37},"end":{"line":74,"column":5}},"line":72},"11":{"name":"render","decl":{"start":{"line":80,"column":35},"end":{"line":80,"column":41}},"loc":{"start":{"line":80,"column":44},"end":{"line":206,"column":1}},"line":80},"12":{"name":"input","decl":{"start":{"line":125,"column":24},"end":{"line":125,"column":29}},"loc":{"start":{"line":125,"column":38},"end":{"line":131,"column":7}},"line":125},"13":{"name":"click","decl":{"start":{"line":140,"column":24},"end":{"line":140,"column":29}},"loc":{"start":{"line":140,"column":38},"end":{"line":142,"column":7}},"line":140},"14":{"name":"click","decl":{"start":{"line":149,"column":24},"end":{"line":149,"column":29}},"loc":{"start":{"line":149,"column":38},"end":{"line":151,"column":7}},"line":149},"15":{"name":"input","decl":{"start":{"line":175,"column":24},"end":{"line":175,"column":29}},"loc":{"start":{"line":175,"column":38},"end":{"line":181,"column":7}},"line":175},"16":{"name":"click","decl":{"start":{"line":192,"column":24},"end":{"line":192,"column":29}},"loc":{"start":{"line":192,"column":38},"end":{"line":194,"column":7}},"line":192},"17":{"name":"click","decl":{"start":{"line":199,"column":24},"end":{"line":199,"column":29}},"loc":{"start":{"line":199,"column":38},"end":{"line":201,"column":7}},"line":199}},"branchMap":{"0":{"loc":{"start":{"line":7,"column":15},"end":{"line":7,"column":256}},"type":"binary-expr","locations":[{"start":{"line":7,"column":15},"end":{"line":7,"column":28}},{"start":{"line":7,"column":32},"end":{"line":7,"column":256}}],"line":7},"1":{"loc":{"start":{"line":7,"column":150},"end":{"line":7,"column":235}},"type":"if","locations":[{"start":{"line":7,"column":150},"end":{"line":7,"column":235}},{"start":{"line":7,"column":150},"end":{"line":7,"column":235}}],"line":7},"2":{"loc":{"start":{"line":15,"column":46},"end":{"line":15,"column":92}},"type":"cond-expr","locations":[{"start":{"line":15,"column":70},"end":{"line":15,"column":73}},{"start":{"line":15,"column":76},"end":{"line":15,"column":92}}],"line":15},"3":{"loc":{"start":{"line":15,"column":46},"end":{"line":15,"column":67}},"type":"binary-expr","locations":[{"start":{"line":15,"column":46},"end":{"line":15,"column":49}},{"start":{"line":15,"column":53},"end":{"line":15,"column":67}}],"line":15},"4":{"loc":{"start":{"line":35,"column":8},"end":{"line":39,"column":9}},"type":"if","locations":[{"start":{"line":35,"column":8},"end":{"line":39,"column":9}},{"start":{"line":35,"column":8},"end":{"line":39,"column":9}}],"line":35},"5":{"loc":{"start":{"line":51,"column":8},"end":{"line":54,"column":9}},"type":"if","locations":[{"start":{"line":51,"column":8},"end":{"line":54,"column":9}},{"start":{"line":51,"column":8},"end":{"line":54,"column":9}}],"line":51},"6":{"loc":{"start":{"line":78,"column":23},"end":{"line":78,"column":101}},"type":"cond-expr","locations":[{"start":{"line":78,"column":62},"end":{"line":78,"column":84}},{"start":{"line":78,"column":87},"end":{"line":78,"column":101}}],"line":78},"7":{"loc":{"start":{"line":85,"column":11},"end":{"line":85,"column":29}},"type":"binary-expr","locations":[{"start":{"line":85,"column":11},"end":{"line":85,"column":23}},{"start":{"line":85,"column":27},"end":{"line":85,"column":29}}],"line":85},"8":{"loc":{"start":{"line":104,"column":6},"end":{"line":133,"column":6}},"type":"cond-expr","locations":[{"start":{"line":104,"column":29},"end":{"line":104,"column":71}},{"start":{"line":104,"column":74},"end":{"line":133,"column":6}}],"line":104},"9":{"loc":{"start":{"line":126,"column":8},"end":{"line":128,"column":9}},"type":"if","locations":[{"start":{"line":126,"column":8},"end":{"line":128,"column":9}},{"start":{"line":126,"column":8},"end":{"line":128,"column":9}}],"line":126},"10":{"loc":{"start":{"line":135,"column":6},"end":{"line":144,"column":15}},"type":"cond-expr","locations":[{"start":{"line":135,"column":64},"end":{"line":144,"column":4}},{"start":{"line":144,"column":7},"end":{"line":144,"column":15}}],"line":135},"11":{"loc":{"start":{"line":135,"column":6},"end":{"line":135,"column":61}},"type":"binary-expr","locations":[{"start":{"line":135,"column":6},"end":{"line":135,"column":37}},{"start":{"line":135,"column":41},"end":{"line":135,"column":61}}],"line":135},"12":{"loc":{"start":{"line":153,"column":24},"end":{"line":203,"column":26}},"type":"cond-expr","locations":[{"start":{"line":153,"column":47},"end":{"line":158,"column":4}},{"start":{"line":158,"column":7},"end":{"line":203,"column":26}}],"line":153},"13":{"loc":{"start":{"line":176,"column":8},"end":{"line":178,"column":9}},"type":"if","locations":[{"start":{"line":176,"column":8},"end":{"line":178,"column":9}},{"start":{"line":176,"column":8},"end":{"line":178,"column":9}}],"line":176},"14":{"loc":{"start":{"line":189,"column":18},"end":{"line":189,"column":55}},"type":"binary-expr","locations":[{"start":{"line":189,"column":18},"end":{"line":189,"column":35}},{"start":{"line":189,"column":39},"end":{"line":189,"column":55}}],"line":189}},"s":{"0":1,"1":1,"2":0,"3":0,"4":0,"5":0,"6":0,"7":0,"8":1,"9":1,"10":1,"11":1,"12":1,"13":6,"14":0,"15":0,"16":0,"17":0,"18":0,"19":0,"20":1,"21":1,"22":1,"23":1,"24":1,"25":1,"26":1,"27":0,"28":0,"29":0,"30":0,"31":0,"32":1,"33":1,"34":1,"35":1,"36":1,"37":1,"38":1,"39":1,"40":1,"41":6,"42":6,"43":6,"44":6,"45":0,"46":0,"47":0,"48":0,"49":0,"50":0,"51":0,"52":0,"53":0,"54":0,"55":1},"f":{"0":0,"1":1,"2":6,"3":0,"4":0,"5":1,"6":1,"7":1,"8":1,"9":1,"10":1,"11":6,"12":0,"13":0,"14":0,"15":0,"16":0,"17":0},"b":{"0":[1,0],"1":[0,0],"2":[0,1],"3":[1,1],"4":[0,0],"5":[0,0],"6":[0,1],"7":[6,0],"8":[6,0],"9":[0,0],"10":[6,0],"11":[6,6],"12":[6,0],"13":[0,0],"14":[0,0]},"_coverageSchema":"332fd63041d2c1bcb487cc26dd0d5f7d97098a6c","hash":"365042d93d37f5eb368a89585c6516cb1f573d00"}
,"D:\\Crossover\\xo-do\\Code\\client\\store\\actions.js": {"path":"D:\\Crossover\\xo-do\\Code\\client\\store\\actions.js","statementMap":{"0":{"start":{"line":15,"column":4},"end":{"line":15,"column":66}},"1":{"start":{"line":22,"column":4},"end":{"line":22,"column":41}},"2":{"start":{"line":30,"column":4},"end":{"line":35,"column":5}},"3":{"start":{"line":31,"column":6},"end":{"line":31,"column":37}},"4":{"start":{"line":34,"column":6},"end":{"line":34,"column":56}},"5":{"start":{"line":36,"column":4},"end":{"line":36,"column":27}},"6":{"start":{"line":39,"column":4},"end":{"line":48,"column":8}},"7":{"start":{"line":41,"column":20},"end":{"line":41,"column":38}},"8":{"start":{"line":42,"column":8},"end":{"line":46,"column":10}},"9":{"start":{"line":43,"column":10},"end":{"line":43,"column":33}},"10":{"start":{"line":44,"column":10},"end":{"line":44,"column":101}},"11":{"start":{"line":45,"column":10},"end":{"line":45,"column":21}},"12":{"start":{"line":47,"column":8},"end":{"line":47,"column":33}},"13":{"start":{"line":51,"column":4},"end":{"line":51,"column":54}},"14":{"start":{"line":54,"column":4},"end":{"line":54,"column":55}},"15":{"start":{"line":57,"column":4},"end":{"line":57,"column":55}},"16":{"start":{"line":60,"column":4},"end":{"line":64,"column":8}},"17":{"start":{"line":62,"column":8},"end":{"line":62,"column":38}},"18":{"start":{"line":63,"column":8},"end":{"line":63,"column":31}}},"fnMap":{"0":{"name":"(anonymous_0)","decl":{"start":{"line":40,"column":12},"end":{"line":40,"column":13}},"loc":{"start":{"line":40,"column":26},"end":{"line":48,"column":7}},"line":40},"1":{"name":"(anonymous_1)","decl":{"start":{"line":42,"column":26},"end":{"line":42,"column":27}},"loc":{"start":{"line":42,"column":34},"end":{"line":46,"column":9}},"line":42},"2":{"name":"(anonymous_2)","decl":{"start":{"line":61,"column":12},"end":{"line":61,"column":13}},"loc":{"start":{"line":61,"column":26},"end":{"line":64,"column":7}},"line":61}},"branchMap":{"0":{"loc":{"start":{"line":30,"column":4},"end":{"line":35,"column":5}},"type":"if","locations":[{"start":{"line":30,"column":4},"end":{"line":35,"column":5}},{"start":{"line":30,"column":4},"end":{"line":35,"column":5}}],"line":30},"1":{"loc":{"start":{"line":44,"column":29},"end":{"line":44,"column":101}},"type":"cond-expr","locations":[{"start":{"line":44,"column":48},"end":{"line":44,"column":96}},{"start":{"line":44,"column":99},"end":{"line":44,"column":101}}],"line":44}},"s":{"0":1,"1":1,"2":0,"3":0,"4":0,"5":0,"6":1,"7":1,"8":0,"9":0,"10":0,"11":0,"12":0,"13":2,"14":1,"15":1,"16":1,"17":1,"18":1},"f":{"0":1,"1":0,"2":1},"b":{"0":[0,0],"1":[0,0]},"_coverageSchema":"332fd63041d2c1bcb487cc26dd0d5f7d97098a6c","hash":"55289b4bc7a490aedddccc4e0fc1137760c79943"}
,"D:\\Crossover\\xo-do\\Code\\client\\store\\getters.js": {"path":"D:\\Crossover\\xo-do\\Code\\client\\store\\getters.js","statementMap":{"0":{"start":{"line":2,"column":20},"end":{"line":2,"column":30}},"1":{"start":{"line":3,"column":24},"end":{"line":3,"column":35}},"2":{"start":{"line":4,"column":32},"end":{"line":4,"column":81}},"3":{"start":{"line":4,"column":56},"end":{"line":4,"column":80}},"4":{"start":{"line":5,"column":30},"end":{"line":5,"column":79}},"5":{"start":{"line":5,"column":54},"end":{"line":5,"column":78}},"6":{"start":{"line":6,"column":26},"end":{"line":6,"column":62}},"7":{"start":{"line":6,"column":50},"end":{"line":6,"column":61}}},"fnMap":{"0":{"name":"(anonymous_0)","decl":{"start":{"line":2,"column":11},"end":{"line":2,"column":12}},"loc":{"start":{"line":2,"column":20},"end":{"line":2,"column":30}},"line":2},"1":{"name":"(anonymous_1)","decl":{"start":{"line":3,"column":15},"end":{"line":3,"column":16}},"loc":{"start":{"line":3,"column":24},"end":{"line":3,"column":35}},"line":3},"2":{"name":"(anonymous_2)","decl":{"start":{"line":4,"column":23},"end":{"line":4,"column":24}},"loc":{"start":{"line":4,"column":32},"end":{"line":4,"column":81}},"line":4},"3":{"name":"(anonymous_3)","decl":{"start":{"line":4,"column":51},"end":{"line":4,"column":52}},"loc":{"start":{"line":4,"column":56},"end":{"line":4,"column":80}},"line":4},"4":{"name":"(anonymous_4)","decl":{"start":{"line":5,"column":21},"end":{"line":5,"column":22}},"loc":{"start":{"line":5,"column":30},"end":{"line":5,"column":79}},"line":5},"5":{"name":"(anonymous_5)","decl":{"start":{"line":5,"column":49},"end":{"line":5,"column":50}},"loc":{"start":{"line":5,"column":54},"end":{"line":5,"column":78}},"line":5},"6":{"name":"(anonymous_6)","decl":{"start":{"line":6,"column":11},"end":{"line":6,"column":12}},"loc":{"start":{"line":6,"column":26},"end":{"line":6,"column":62}},"line":6},"7":{"name":"(anonymous_7)","decl":{"start":{"line":6,"column":45},"end":{"line":6,"column":46}},"loc":{"start":{"line":6,"column":50},"end":{"line":6,"column":61}},"line":6}},"branchMap":{},"s":{"0":1,"1":1,"2":1,"3":2,"4":1,"5":2,"6":1,"7":2},"f":{"0":1,"1":1,"2":1,"3":2,"4":1,"5":2,"6":1,"7":2},"b":{},"_coverageSchema":"332fd63041d2c1bcb487cc26dd0d5f7d97098a6c","hash":"7f1b4c0ae833fcdd0ba0d16ea2abfd00eaa23a8a"}
,"D:\\Crossover\\xo-do\\Code\\client\\store\\index.js": {"path":"D:\\Crossover\\xo-do\\Code\\client\\store\\index.js","statementMap":{"0":{"start":{"line":8,"column":20},"end":{"line":15,"column":1}},"1":{"start":{"line":9,"column":2},"end":{"line":14,"column":2}}},"fnMap":{"0":{"name":"(anonymous_0)","decl":{"start":{"line":8,"column":20},"end":{"line":8,"column":21}},"loc":{"start":{"line":8,"column":26},"end":{"line":15,"column":1}},"line":8}},"branchMap":{},"s":{"0":3,"1":14},"f":{"0":14},"b":{},"_coverageSchema":"332fd63041d2c1bcb487cc26dd0d5f7d97098a6c","hash":"c445462cb239f0149882252a5c967a81fbb5eae3"}
,"D:\\Crossover\\xo-do\\Code\\client\\store\\mutations.js": {"path":"D:\\Crossover\\xo-do\\Code\\client\\store\\mutations.js","statementMap":{"0":{"start":{"line":3,"column":4},"end":{"line":3,"column":21}},"1":{"start":{"line":6,"column":4},"end":{"line":6,"column":23}},"2":{"start":{"line":9,"column":4},"end":{"line":9,"column":26}},"3":{"start":{"line":12,"column":4},"end":{"line":20,"column":5}},"4":{"start":{"line":13,"column":18},"end":{"line":13,"column":32}},"5":{"start":{"line":14,"column":6},"end":{"line":19,"column":7}},"6":{"start":{"line":15,"column":8},"end":{"line":15,"column":41}},"7":{"start":{"line":16,"column":8},"end":{"line":16,"column":53}},"8":{"start":{"line":17,"column":8},"end":{"line":17,"column":41}},"9":{"start":{"line":18,"column":8},"end":{"line":18,"column":14}},"10":{"start":{"line":23,"column":4},"end":{"line":28,"column":5}},"11":{"start":{"line":24,"column":6},"end":{"line":27,"column":7}},"12":{"start":{"line":25,"column":8},"end":{"line":25,"column":32}},"13":{"start":{"line":26,"column":8},"end":{"line":26,"column":14}},"14":{"start":{"line":31,"column":4},"end":{"line":37,"column":5}},"15":{"start":{"line":32,"column":6},"end":{"line":36,"column":7}},"16":{"start":{"line":34,"column":8},"end":{"line":34,"column":40}},"17":{"start":{"line":35,"column":8},"end":{"line":35,"column":14}}},"fnMap":{},"branchMap":{"0":{"loc":{"start":{"line":14,"column":6},"end":{"line":19,"column":7}},"type":"if","locations":[{"start":{"line":14,"column":6},"end":{"line":19,"column":7}},{"start":{"line":14,"column":6},"end":{"line":19,"column":7}}],"line":14},"1":{"loc":{"start":{"line":24,"column":6},"end":{"line":27,"column":7}},"type":"if","locations":[{"start":{"line":24,"column":6},"end":{"line":27,"column":7}},{"start":{"line":24,"column":6},"end":{"line":27,"column":7}}],"line":24},"2":{"loc":{"start":{"line":32,"column":6},"end":{"line":36,"column":7}},"type":"if","locations":[{"start":{"line":32,"column":6},"end":{"line":36,"column":7}},{"start":{"line":32,"column":6},"end":{"line":36,"column":7}}],"line":32}},"s":{"0":1,"1":1,"2":2,"3":1,"4":1,"5":1,"6":1,"7":1,"8":1,"9":1,"10":1,"11":1,"12":1,"13":1,"14":3,"15":1,"16":1,"17":1},"f":{},"b":{"0":[1,0],"1":[1,0],"2":[1,0]},"_coverageSchema":"332fd63041d2c1bcb487cc26dd0d5f7d97098a6c","hash":"784d4f7c60bcf19ce3872cddde839d291aa5d45f"}
,"D:\\Crossover\\xo-do\\Code\\client\\store\\state.js": {"path":"D:\\Crossover\\xo-do\\Code\\client\\store\\state.js","statementMap":{"0":{"start":{"line":2,"column":13},"end":{"line":2,"column":15}},"1":{"start":{"line":4,"column":14},"end":{"line":4,"column":16}}},"fnMap":{},"branchMap":{},"s":{"0":3,"1":3},"f":{},"b":{},"_coverageSchema":"332fd63041d2c1bcb487cc26dd0d5f7d97098a6c","hash":"24d2914511b80b3abb8495afa8e764309a095a2c"}
}
