TN:
SF:D:\Crossover\xo-do\Code\client\api\index.js
FNF:0
FNH:0
DA:5,4
DA:10,4
DA:17,1
DA:27,1
DA:34,1
DA:42,2
DA:45,1
DA:48,2
LF:8
LH:8
BRDA:52,0,0,2
BRDA:52,0,1,1
BRF:2
BRH:2
end_of_record
TN:
SF:D:\Crossover\xo-do\Code\client\components\common\Icon.vue
FN:15,path
FN:23,render
FNF:2
FNH:2
FNDA:12,path
FNDA:12,render
DA:3,1
DA:7,1
DA:12,1
DA:16,12
DA:21,1
DA:23,1
DA:24,12
DA:26,12
DA:28,12
DA:30,12
DA:43,1
LF:11
LH:11
BRDA:21,0,0,0
BRDA:21,0,1,1
BRDA:28,1,0,12
BRDA:28,1,1,0
BRF:4
BRH:2
end_of_record
TN:
SF:D:\Crossover\xo-do\Code\client\components\common\Modal.vue
FN:7,(anonymous_0)
FN:12,data
FN:26,showModal
FN:29,addNewTask
FN:42,(anonymous_4)
FN:58,render
FN:105,input
FN:134,input
FN:166,click
FN:176,click
FNF:10
FNH:5
FNDA:0,(anonymous_0)
FNDA:4,data
FNDA:1,showModal
FNDA:2,addNewTask
FNDA:1,(anonymous_4)
FNDA:5,render
FNDA:0,input
FNDA:0,input
FNDA:0,click
FNDA:0,click
DA:3,1
DA:7,1
DA:9,1
DA:11,1
DA:13,4
DA:27,1
DA:30,2
DA:33,2
DA:34,1
DA:37,1
DA:38,1
DA:43,1
DA:44,0
DA:48,0
DA:49,0
DA:50,0
DA:56,1
DA:58,1
DA:59,5
DA:61,5
DA:63,5
DA:65,5
DA:106,0
DA:107,0
DA:110,0
DA:135,0
DA:136,0
DA:139,0
DA:167,0
DA:177,0
DA:183,1
LF:31
LH:19
BRDA:7,0,0,1
BRDA:7,0,1,0
BRDA:7,1,0,0
BRDA:7,1,1,0
BRDA:27,2,0,1
BRDA:27,2,1,1
BRDA:33,3,0,1
BRDA:33,3,1,1
BRDA:56,4,0,0
BRDA:56,4,1,1
BRDA:63,5,0,5
BRDA:63,5,1,0
BRDA:69,6,0,1
BRDA:69,6,1,4
BRDA:106,7,0,0
BRDA:106,7,1,0
BRDA:135,8,0,0
BRDA:135,8,1,0
BRDA:153,9,0,1
BRDA:153,9,1,1
BRF:20
BRH:11
end_of_record
TN:
SF:D:\Crossover\xo-do\Code\client\components\common\NavBar.vue
FN:7,(anonymous_0)
FN:12,data
FN:20,toggleMenu
FN:23,logoutSession
FN:26,(anonymous_4)
FN:33,addTask
FN:41,render
FNF:7
FNH:6
FNDA:0,(anonymous_0)
FNDA:4,data
FNDA:1,toggleMenu
FNDA:1,logoutSession
FNDA:1,(anonymous_4)
FNDA:1,addTask
FNDA:5,render
DA:3,1
DA:7,1
DA:9,1
DA:11,1
DA:13,4
DA:21,1
DA:24,1
DA:26,1
DA:27,1
DA:28,1
DA:29,1
DA:34,1
DA:39,1
DA:41,1
DA:42,5
DA:44,5
DA:46,5
DA:48,5
DA:97,1
LF:19
LH:19
BRDA:7,0,0,1
BRDA:7,0,1,0
BRDA:7,1,0,0
BRDA:7,1,1,0
BRDA:27,2,0,1
BRDA:27,2,1,0
BRDA:39,3,0,0
BRDA:39,3,1,1
BRDA:46,4,0,5
BRDA:46,4,1,0
BRF:10
BRH:4
end_of_record
TN:
SF:D:\Crossover\xo-do\Code\client\components\todo\CardComponent.vue
FN:7,(anonymous_0)
FN:15,_interopRequireDefault
FN:22,data
FN:31,deleteIt
FN:34,(anonymous_4)
FN:43,editIt
FN:49,(anonymous_6)
FN:60,editInline
FN:65,cancelInline
FN:68,dragStart
FN:72,dragEnd
FN:80,render
FN:125,input
FN:140,click
FN:149,click
FN:175,input
FN:192,click
FN:199,click
FNF:18
FNH:9
FNDA:0,(anonymous_0)
FNDA:1,_interopRequireDefault
FNDA:6,data
FNDA:0,deleteIt
FNDA:0,(anonymous_4)
FNDA:1,editIt
FNDA:1,(anonymous_6)
FNDA:1,editInline
FNDA:1,cancelInline
FNDA:1,dragStart
FNDA:1,dragEnd
FNDA:6,render
FNDA:0,input
FNDA:0,click
FNDA:0,click
FNDA:0,input
FNDA:0,click
FNDA:0,click
DA:3,1
DA:7,1
DA:9,1
DA:11,1
DA:13,1
DA:15,1
DA:17,1
DA:23,6
DA:32,0
DA:34,0
DA:35,0
DA:37,0
DA:38,0
DA:40,0
DA:44,1
DA:46,1
DA:47,1
DA:48,1
DA:49,1
DA:50,1
DA:51,1
DA:52,0
DA:53,0
DA:55,0
DA:56,0
DA:57,0
DA:61,1
DA:62,1
DA:63,1
DA:66,1
DA:69,1
DA:70,1
DA:73,1
DA:78,1
DA:80,1
DA:81,6
DA:83,6
DA:85,6
DA:87,6
DA:126,0
DA:127,0
DA:130,0
DA:141,0
DA:150,0
DA:176,0
DA:177,0
DA:180,0
DA:193,0
DA:200,0
DA:208,1
LF:50
LH:29
BRDA:7,0,0,1
BRDA:7,0,1,0
BRDA:7,1,0,0
BRDA:7,1,1,0
BRDA:15,2,0,0
BRDA:15,2,1,1
BRDA:15,3,0,1
BRDA:15,3,1,1
BRDA:35,4,0,0
BRDA:35,4,1,0
BRDA:51,5,0,0
BRDA:51,5,1,0
BRDA:78,6,0,0
BRDA:78,6,1,1
BRDA:85,7,0,6
BRDA:85,7,1,0
BRDA:104,8,0,6
BRDA:104,8,1,0
BRDA:126,9,0,0
BRDA:126,9,1,0
BRDA:135,10,0,6
BRDA:135,10,1,0
BRDA:135,11,0,6
BRDA:135,11,1,6
BRDA:153,12,0,6
BRDA:153,12,1,0
BRDA:176,13,0,0
BRDA:176,13,1,0
BRDA:189,14,0,0
BRDA:189,14,1,0
BRF:30
BRH:11
end_of_record
TN:
SF:D:\Crossover\xo-do\Code\client\store\actions.js
FN:40,(anonymous_0)
FN:42,(anonymous_1)
FN:61,(anonymous_2)
FNF:3
FNH:2
FNDA:1,(anonymous_0)
FNDA:0,(anonymous_1)
FNDA:1,(anonymous_2)
DA:15,1
DA:22,1
DA:30,0
DA:31,0
DA:34,0
DA:36,0
DA:39,1
DA:41,1
DA:42,0
DA:43,0
DA:44,0
DA:45,0
DA:47,0
DA:51,2
DA:54,1
DA:57,1
DA:60,1
DA:62,1
DA:63,1
LF:19
LH:10
BRDA:30,0,0,0
BRDA:30,0,1,0
BRDA:44,1,0,0
BRDA:44,1,1,0
BRF:4
BRH:0
end_of_record
TN:
SF:D:\Crossover\xo-do\Code\client\store\getters.js
FN:2,(anonymous_0)
FN:3,(anonymous_1)
FN:4,(anonymous_2)
FN:4,(anonymous_3)
FN:5,(anonymous_4)
FN:5,(anonymous_5)
FN:6,(anonymous_6)
FN:6,(anonymous_7)
FNF:8
FNH:8
FNDA:1,(anonymous_0)
FNDA:1,(anonymous_1)
FNDA:1,(anonymous_2)
FNDA:2,(anonymous_3)
FNDA:1,(anonymous_4)
FNDA:2,(anonymous_5)
FNDA:1,(anonymous_6)
FNDA:2,(anonymous_7)
DA:2,1
DA:3,1
DA:4,2
DA:5,2
DA:6,2
LF:5
LH:5
BRF:0
BRH:0
end_of_record
TN:
SF:D:\Crossover\xo-do\Code\client\store\index.js
FN:8,(anonymous_0)
FNF:1
FNH:1
FNDA:14,(anonymous_0)
DA:8,3
DA:9,14
LF:2
LH:2
BRF:0
BRH:0
end_of_record
TN:
SF:D:\Crossover\xo-do\Code\client\store\mutations.js
FNF:0
FNH:0
DA:3,1
DA:6,1
DA:9,2
DA:12,1
DA:13,1
DA:14,1
DA:15,1
DA:16,1
DA:17,1
DA:18,1
DA:23,1
DA:24,1
DA:25,1
DA:26,1
DA:31,3
DA:32,1
DA:34,1
DA:35,1
LF:18
LH:18
BRDA:14,0,0,1
BRDA:14,0,1,0
BRDA:24,1,0,1
BRDA:24,1,1,0
BRDA:32,2,0,1
BRDA:32,2,1,0
BRF:6
BRH:3
end_of_record
TN:
SF:D:\Crossover\xo-do\Code\client\store\state.js
FNF:0
FNH:0
DA:2,3
DA:4,3
LF:2
LH:2
BRF:0
BRH:0
end_of_record
